<?xml version="1.0" encoding="UTF-8"?>
<!-- Generated by org.testng.reporters.JUnitXMLReporter -->
<testsuite hostname="IT-PDUBEY-L" ignored="0" name="FirefoxTest" tests="1" failures="1" timestamp="24 Jul 2018 23:54:16 GMT" time="0.37" errors="0">
  <testcase name="AnyTest" time="0.073" classname="com.krwi.ContactMgmt.ui.utilities.TestRunner">
    <failure type="org.testng.internal.reflect.MethodMatcherException" message="
Data provider mismatch
Method: AnyTest([Parameter{index=0, type=cucumber.api.testng.CucumberFeatureWrapper, declaredAnnotations=[]}, Parameter{index=1, type=java.lang.String, declaredAnnotations=[]}])
Arguments: [(cucumber.api.testng.CucumberFeatureWrapperImpl) Contact Management - Import a new contact]">
      <![CDATA[org.testng.internal.reflect.MethodMatcherException: Data provider mismatchMethod: AnyTest([Parameter{index=0, type=cucumber.api.testng.CucumberFeatureWrapper, declaredAnnotations=[]}, Parameter{index=1, type=java.lang.String, declaredAnnotations=[]}])Arguments: [(cucumber.api.testng.CucumberFeatureWrapperImpl) Contact Management - Import a new contact]... Removed 20 stack frames]]>
    </failure>
  </testcase> <!-- AnyTest -->
</testsuite> <!-- FirefoxTest -->
