<?xml version="1.0" encoding="UTF-8"?>
<testng-results skipped="0" failed="0" ignored="0" total="1" passed="1">
  <reporter-output>
  </reporter-output>
  <suite name="Default suite" duration-ms="67110" started-at="2018-12-21T01:09:07Z" finished-at="2018-12-21T01:10:14Z">
    <groups>
    </groups>
    <test name="Default test" duration-ms="67110" started-at="2018-12-21T01:09:07Z" finished-at="2018-12-21T01:10:14Z">
      <class name="com.kwri.ContactMgmt.ui.ConcurrentTest.ParallelTestGCP">
        <test-method status="PASS" signature="parallelMethod()[pri:0, instance:com.kwri.ContactMgmt.ui.ConcurrentTest.ParallelTestGCP@1e88b3c]" name="parallelMethod" duration-ms="67090" started-at="2018-12-20T19:09:07Z" finished-at="2018-12-20T19:10:14Z">
          <reporter-output>
          </reporter-output>
        </test-method> <!-- parallelMethod -->
      </class> <!-- com.kwri.ContactMgmt.ui.ConcurrentTest.ParallelTestGCP -->
    </test> <!-- Default test -->
  </suite> <!-- Default suite -->
</testng-results>
